<?xml version="1.0" encoding="UTF-8"?>
<!-- Generated by org.testng.reporters.JUnitReportReporter -->
<testsuite hostname="ARDS" failures="0" tests="1" name="remoteTesting.DockerValidation.StartDocker" time="19.347" errors="0" timestamp="2023-07-10T22:11:24 IST" skipped="0">
  <testcase classname="remoteTesting.DockerValidation.StartDocker" name="startDocker" time="19.347"/>
  <system-out/>
</testsuite> <!-- remoteTesting.DockerValidation.StartDocker -->
