<?xml version="1.0" encoding="UTF-8"?>
<!-- Generated by org.testng.reporters.JUnitReportReporter -->
<testsuite hostname="ARDS" failures="0" tests="1" name="remoteTesting.DockerValidation.ChromeTest2" time="10.896" errors="0" timestamp="2023-07-10T22:13:48 IST" skipped="0">
  <testcase classname="remoteTesting.DockerValidation.ChromeTest2" name="test2" time="10.896"/>
  <system-out/>
</testsuite> <!-- remoteTesting.DockerValidation.ChromeTest2 -->
