<?xml version="1.0" encoding="UTF-8"?>
<!-- Generated by org.testng.reporters.JUnitReportReporter -->
<testsuite hostname="ARDS" failures="0" tests="1" name="remoteTesting.DockerValidation.ChromeTest1" time="13.246" errors="0" timestamp="2023-07-10T23:00:50 IST" skipped="0">
  <testcase classname="remoteTesting.DockerValidation.ChromeTest1" name="test1" time="13.246"/>
</testsuite> <!-- remoteTesting.DockerValidation.ChromeTest1 -->
