<?xml version="1.0" encoding="UTF-8"?>
<!-- Generated by org.testng.reporters.JUnitReportReporter -->
<testsuite hostname="ARDS" failures="0" tests="1" name="remoteTesting.DockerValidation.ChromeTest2" time="11.717" errors="0" timestamp="2023-07-10T23:00:50 IST" skipped="0">
  <testcase classname="remoteTesting.DockerValidation.ChromeTest2" name="test2" time="11.717"/>
</testsuite> <!-- remoteTesting.DockerValidation.ChromeTest2 -->
